<?xml version="1.0" encoding="UTF-8"?>
<testng-results ignored="0" total="1" passed="1" failed="0" skipped="0">
  <reporter-output>
  </reporter-output>
  <suite started-at="2024-07-31T10:37:46 IST" name="Default suite" finished-at="2024-07-31T10:38:16 IST" duration-ms="29933">
    <groups>
    </groups>
    <test started-at="2024-07-31T10:37:46 IST" name="Default test" finished-at="2024-07-31T10:38:16 IST" duration-ms="29933">
      <class name="com.FlipkartProject_Scripts.Verify_User_is_able_to_Add_Address_or_not_Test">
        <test-method is-config="true" signature="beforeSuite()[pri:0, instance:com.FlipkartProject_Scripts.Verify_User_is_able_to_Add_Address_or_not_Test@79e2c065]" started-at="2024-07-31T10:37:46 IST" name="beforeSuite" finished-at="2024-07-31T10:37:46 IST" duration-ms="10" status="PASS">
          <reporter-output>
          </reporter-output>
        </test-method> <!-- beforeSuite -->
        <test-method is-config="true" signature="beforeTest()[pri:0, instance:com.FlipkartProject_Scripts.Verify_User_is_able_to_Add_Address_or_not_Test@79e2c065]" started-at="2024-07-31T10:37:46 IST" name="beforeTest" finished-at="2024-07-31T10:37:46 IST" duration-ms="446" status="PASS">
          <reporter-output>
          </reporter-output>
        </test-method> <!-- beforeTest -->
        <test-method is-config="true" signature="beforeClass()[pri:0, instance:com.FlipkartProject_Scripts.Verify_User_is_able_to_Add_Address_or_not_Test@79e2c065]" started-at="2024-07-31T10:37:46 IST" name="beforeClass" finished-at="2024-07-31T10:37:52 IST" duration-ms="5453" status="PASS">
          <reporter-output>
          </reporter-output>
        </test-method> <!-- beforeClass -->
        <test-method is-config="true" signature="beforeMethod()[pri:0, instance:com.FlipkartProject_Scripts.Verify_User_is_able_to_Add_Address_or_not_Test@79e2c065]" started-at="2024-07-31T10:37:52 IST" name="beforeMethod" finished-at="2024-07-31T10:38:06 IST" duration-ms="13867" status="PASS">
          <reporter-output>
          </reporter-output>
        </test-method> <!-- beforeMethod -->
        <test-method signature="addAddress()[pri:0, instance:com.FlipkartProject_Scripts.Verify_User_is_able_to_Add_Address_or_not_Test@79e2c065]" started-at="2024-07-31T10:38:06 IST" name="addAddress" finished-at="2024-07-31T10:38:11 IST" duration-ms="5708" status="PASS">
          <reporter-output>
          </reporter-output>
        </test-method> <!-- addAddress -->
        <test-method is-config="true" signature="afterMethod()[pri:0, instance:com.FlipkartProject_Scripts.Verify_User_is_able_to_Add_Address_or_not_Test@79e2c065]" started-at="2024-07-31T10:38:11 IST" name="afterMethod" finished-at="2024-07-31T10:38:12 IST" duration-ms="531" status="PASS">
          <reporter-output>
          </reporter-output>
        </test-method> <!-- afterMethod -->
        <test-method is-config="true" signature="afterClass()[pri:0, instance:com.FlipkartProject_Scripts.Verify_User_is_able_to_Add_Address_or_not_Test@79e2c065]" started-at="2024-07-31T10:38:12 IST" name="afterClass" finished-at="2024-07-31T10:38:15 IST" duration-ms="3436" status="PASS">
          <reporter-output>
          </reporter-output>
        </test-method> <!-- afterClass -->
        <test-method is-config="true" signature="afterTest()[pri:0, instance:com.FlipkartProject_Scripts.Verify_User_is_able_to_Add_Address_or_not_Test@79e2c065]" started-at="2024-07-31T10:38:15 IST" name="afterTest" finished-at="2024-07-31T10:38:16 IST" duration-ms="453" status="PASS">
          <reporter-output>
          </reporter-output>
        </test-method> <!-- afterTest -->
        <test-method is-config="true" signature="afterSuite()[pri:0, instance:com.FlipkartProject_Scripts.Verify_User_is_able_to_Add_Address_or_not_Test@79e2c065]" started-at="2024-07-31T10:38:16 IST" name="afterSuite" finished-at="2024-07-31T10:38:16 IST" duration-ms="0" status="PASS">
          <reporter-output>
          </reporter-output>
        </test-method> <!-- afterSuite -->
      </class> <!-- com.FlipkartProject_Scripts.Verify_User_is_able_to_Add_Address_or_not_Test -->
    </test> <!-- Default test -->
  </suite> <!-- Default suite -->
</testng-results>
